Analysis & Synthesis report for SoCRobot
Mon Aug 08 20:31:24 2016
Quartus II 64-Bit Version 13.1.0 Build 162 10/23/2013 SJ Web Edition


---------------------
; Table of Contents ;
---------------------
  1. Legal Notice
  2. Analysis & Synthesis Summary
  3. Analysis & Synthesis Settings
  4. Parallel Compilation
  5. Analysis & Synthesis Source Files Read
  6. Analysis & Synthesis Resource Usage Summary
  7. Analysis & Synthesis Resource Utilization by Entity
  8. Analysis & Synthesis RAM Summary
  9. Analysis & Synthesis DSP Block Usage Summary
 10. Analysis & Synthesis IP Cores Summary
 11. Registers Removed During Synthesis
 12. Removed Registers Triggering Further Register Optimizations
 13. General Register Statistics
 14. Inverted Register Statistics
 15. Multiplexer Restructuring Statistics (Restructuring Performed)
 16. Source assignments for RAM:RAM_inst|altsyncram:altsyncram_component|altsyncram_59g1:auto_generated
 17. Parameter Settings for User Entity Instance: Top-level Entity: |FPGA_Processing
 18. Parameter Settings for User Entity Instance: RAM:RAM_inst|altsyncram:altsyncram_component
 19. Parameter Settings for Inferred Entity Instance: lpm_mult:Mult13
 20. Parameter Settings for Inferred Entity Instance: lpm_mult:Mult12
 21. Parameter Settings for Inferred Entity Instance: lpm_mult:Mult5
 22. Parameter Settings for Inferred Entity Instance: lpm_mult:Mult0
 23. Parameter Settings for Inferred Entity Instance: lpm_mult:Mult9
 24. Parameter Settings for Inferred Entity Instance: lpm_mult:Mult8
 25. Parameter Settings for Inferred Entity Instance: lpm_mult:Mult6
 26. Parameter Settings for Inferred Entity Instance: lpm_mult:Mult7
 27. altsyncram Parameter Settings by Entity Instance
 28. lpm_mult Parameter Settings by Entity Instance
 29. Elapsed Time Per Partition
 30. Analysis & Synthesis Messages
 31. Analysis & Synthesis Suppressed Messages



----------------
; Legal Notice ;
----------------
Copyright (C) 1991-2013 Altera Corporation
Your use of Altera Corporation's design tools, logic functions 
and other software and tools, and its AMPP partner logic 
functions, and any output files from any of the foregoing 
(including device programming or simulation files), and any 
associated documentation or information are expressly subject 
to the terms and conditions of the Altera Program License 
Subscription Agreement, Altera MegaCore Function License 
Agreement, or other applicable license agreement, including, 
without limitation, that your use is for the sole purpose of 
programming logic devices manufactured by Altera and sold by 
Altera or its authorized distributors.  Please refer to the 
applicable agreement for further details.



+---------------------------------------------------------------------------------+
; Analysis & Synthesis Summary                                                    ;
+------------------------------------+--------------------------------------------+
; Analysis & Synthesis Status        ; Successful - Mon Aug 08 20:31:23 2016      ;
; Quartus II 64-Bit Version          ; 13.1.0 Build 162 10/23/2013 SJ Web Edition ;
; Revision Name                      ; SoCRobot                                   ;
; Top-level Entity Name              ; FPGA_Processing                            ;
; Family                             ; Cyclone IV E                               ;
; Total logic elements               ; 455                                        ;
;     Total combinational functions  ; 356                                        ;
;     Dedicated logic registers      ; 209                                        ;
; Total registers                    ; 209                                        ;
; Total pins                         ; 64                                         ;
; Total virtual pins                 ; 0                                          ;
; Total memory bits                  ; 1,048,576                                  ;
; Embedded Multiplier 9-bit elements ; 21                                         ;
; Total PLLs                         ; 0                                          ;
+------------------------------------+--------------------------------------------+


+----------------------------------------------------------------------------------------------------------------------+
; Analysis & Synthesis Settings                                                                                        ;
+----------------------------------------------------------------------------+--------------------+--------------------+
; Option                                                                     ; Setting            ; Default Value      ;
+----------------------------------------------------------------------------+--------------------+--------------------+
; Device                                                                     ; EP4CE75U19I7       ;                    ;
; Top-level entity name                                                      ; FPGA_Processing    ; SoCRobot           ;
; Family name                                                                ; Cyclone IV E       ; Cyclone IV GX      ;
; Use smart compilation                                                      ; Off                ; Off                ;
; Enable parallel Assembler and TimeQuest Timing Analyzer during compilation ; On                 ; On                 ;
; Enable compact report table                                                ; Off                ; Off                ;
; Restructure Multiplexers                                                   ; Auto               ; Auto               ;
; Create Debugging Nodes for IP Cores                                        ; Off                ; Off                ;
; Preserve fewer node names                                                  ; On                 ; On                 ;
; Disable OpenCore Plus hardware evaluation                                  ; Off                ; Off                ;
; Verilog Version                                                            ; Verilog_2001       ; Verilog_2001       ;
; VHDL Version                                                               ; VHDL_1993          ; VHDL_1993          ;
; State Machine Processing                                                   ; Auto               ; Auto               ;
; Safe State Machine                                                         ; Off                ; Off                ;
; Extract Verilog State Machines                                             ; On                 ; On                 ;
; Extract VHDL State Machines                                                ; On                 ; On                 ;
; Ignore Verilog initial constructs                                          ; Off                ; Off                ;
; Iteration limit for constant Verilog loops                                 ; 5000               ; 5000               ;
; Iteration limit for non-constant Verilog loops                             ; 250                ; 250                ;
; Add Pass-Through Logic to Inferred RAMs                                    ; On                 ; On                 ;
; Infer RAMs from Raw Logic                                                  ; On                 ; On                 ;
; Parallel Synthesis                                                         ; On                 ; On                 ;
; DSP Block Balancing                                                        ; Auto               ; Auto               ;
; NOT Gate Push-Back                                                         ; On                 ; On                 ;
; Power-Up Don't Care                                                        ; On                 ; On                 ;
; Remove Redundant Logic Cells                                               ; Off                ; Off                ;
; Remove Duplicate Registers                                                 ; On                 ; On                 ;
; Ignore CARRY Buffers                                                       ; Off                ; Off                ;
; Ignore CASCADE Buffers                                                     ; Off                ; Off                ;
; Ignore GLOBAL Buffers                                                      ; Off                ; Off                ;
; Ignore ROW GLOBAL Buffers                                                  ; Off                ; Off                ;
; Ignore LCELL Buffers                                                       ; Off                ; Off                ;
; Ignore SOFT Buffers                                                        ; On                 ; On                 ;
; Limit AHDL Integers to 32 Bits                                             ; Off                ; Off                ;
; Optimization Technique                                                     ; Balanced           ; Balanced           ;
; Carry Chain Length                                                         ; 70                 ; 70                 ;
; Auto Carry Chains                                                          ; On                 ; On                 ;
; Auto Open-Drain Pins                                                       ; On                 ; On                 ;
; Perform WYSIWYG Primitive Resynthesis                                      ; Off                ; Off                ;
; Auto ROM Replacement                                                       ; On                 ; On                 ;
; Auto RAM Replacement                                                       ; On                 ; On                 ;
; Auto DSP Block Replacement                                                 ; On                 ; On                 ;
; Auto Shift Register Replacement                                            ; Auto               ; Auto               ;
; Allow Shift Register Merging across Hierarchies                            ; Auto               ; Auto               ;
; Auto Clock Enable Replacement                                              ; On                 ; On                 ;
; Strict RAM Replacement                                                     ; Off                ; Off                ;
; Allow Synchronous Control Signals                                          ; On                 ; On                 ;
; Force Use of Synchronous Clear Signals                                     ; Off                ; Off                ;
; Auto RAM Block Balancing                                                   ; On                 ; On                 ;
; Auto RAM to Logic Cell Conversion                                          ; Off                ; Off                ;
; Auto Resource Sharing                                                      ; Off                ; Off                ;
; Allow Any RAM Size For Recognition                                         ; Off                ; Off                ;
; Allow Any ROM Size For Recognition                                         ; Off                ; Off                ;
; Allow Any Shift Register Size For Recognition                              ; Off                ; Off                ;
; Use LogicLock Constraints during Resource Balancing                        ; On                 ; On                 ;
; Ignore translate_off and synthesis_off directives                          ; Off                ; Off                ;
; Timing-Driven Synthesis                                                    ; On                 ; On                 ;
; Report Parameter Settings                                                  ; On                 ; On                 ;
; Report Source Assignments                                                  ; On                 ; On                 ;
; Report Connectivity Checks                                                 ; On                 ; On                 ;
; Ignore Maximum Fan-Out Assignments                                         ; Off                ; Off                ;
; Synchronization Register Chain Length                                      ; 2                  ; 2                  ;
; PowerPlay Power Optimization                                               ; Normal compilation ; Normal compilation ;
; HDL message level                                                          ; Level2             ; Level2             ;
; Suppress Register Optimization Related Messages                            ; Off                ; Off                ;
; Number of Removed Registers Reported in Synthesis Report                   ; 5000               ; 5000               ;
; Number of Swept Nodes Reported in Synthesis Report                         ; 5000               ; 5000               ;
; Number of Inverted Registers Reported in Synthesis Report                  ; 100                ; 100                ;
; Clock MUX Protection                                                       ; On                 ; On                 ;
; Auto Gated Clock Conversion                                                ; Off                ; Off                ;
; Block Design Naming                                                        ; Auto               ; Auto               ;
; SDC constraint protection                                                  ; Off                ; Off                ;
; Synthesis Effort                                                           ; Auto               ; Auto               ;
; Shift Register Replacement - Allow Asynchronous Clear Signal               ; On                 ; On                 ;
; Pre-Mapping Resynthesis Optimization                                       ; Off                ; Off                ;
; Analysis & Synthesis Message Level                                         ; Medium             ; Medium             ;
; Disable Register Merging Across Hierarchies                                ; Auto               ; Auto               ;
; Resource Aware Inference For Block RAM                                     ; On                 ; On                 ;
; Synthesis Seed                                                             ; 1                  ; 1                  ;
+----------------------------------------------------------------------------+--------------------+--------------------+


+------------------------------------------+
; Parallel Compilation                     ;
+----------------------------+-------------+
; Processors                 ; Number      ;
+----------------------------+-------------+
; Number detected on machine ; 2           ;
; Maximum allowed            ; 2           ;
;                            ;             ;
; Average used               ; 1.00        ;
; Maximum used               ; 2           ;
;                            ;             ;
; Usage by Processor         ; % Time Used ;
;     Processor 1            ; 100.0%      ;
;     Processor 2            ; < 0.1%      ;
+----------------------------+-------------+


+--------------------------------------------------------------------------------------------------------------------------------------------------------------------+
; Analysis & Synthesis Source Files Read                                                                                                                             ;
+----------------------------------+-----------------+------------------------------+----------------------------------------------------------------------+---------+
; File Name with User-Entered Path ; Used in Netlist ; File Type                    ; File Name with Absolute Path                                         ; Library ;
+----------------------------------+-----------------+------------------------------+----------------------------------------------------------------------+---------+
; FPGA_Processing.v                ; yes             ; User Verilog HDL File        ; C:/FPGA/FPGA_Processing.v                                            ;         ;
; RAM.v                            ; yes             ; User Wizard-Generated File   ; C:/FPGA/RAM.v                                                        ;         ;
; altsyncram.tdf                   ; yes             ; Megafunction                 ; c:/altera/13.1/quartus/libraries/megafunctions/altsyncram.tdf        ;         ;
; stratix_ram_block.inc            ; yes             ; Megafunction                 ; c:/altera/13.1/quartus/libraries/megafunctions/stratix_ram_block.inc ;         ;
; lpm_mux.inc                      ; yes             ; Megafunction                 ; c:/altera/13.1/quartus/libraries/megafunctions/lpm_mux.inc           ;         ;
; lpm_decode.inc                   ; yes             ; Megafunction                 ; c:/altera/13.1/quartus/libraries/megafunctions/lpm_decode.inc        ;         ;
; aglobal131.inc                   ; yes             ; Megafunction                 ; c:/altera/13.1/quartus/libraries/megafunctions/aglobal131.inc        ;         ;
; a_rdenreg.inc                    ; yes             ; Megafunction                 ; c:/altera/13.1/quartus/libraries/megafunctions/a_rdenreg.inc         ;         ;
; altrom.inc                       ; yes             ; Megafunction                 ; c:/altera/13.1/quartus/libraries/megafunctions/altrom.inc            ;         ;
; altram.inc                       ; yes             ; Megafunction                 ; c:/altera/13.1/quartus/libraries/megafunctions/altram.inc            ;         ;
; altdpram.inc                     ; yes             ; Megafunction                 ; c:/altera/13.1/quartus/libraries/megafunctions/altdpram.inc          ;         ;
; db/altsyncram_59g1.tdf           ; yes             ; Auto-Generated Megafunction  ; C:/FPGA/db/altsyncram_59g1.tdf                                       ;         ;
; db/decode_rsa.tdf                ; yes             ; Auto-Generated Megafunction  ; C:/FPGA/db/decode_rsa.tdf                                            ;         ;
; db/mux_qob.tdf                   ; yes             ; Auto-Generated Megafunction  ; C:/FPGA/db/mux_qob.tdf                                               ;         ;
; lpm_mult.tdf                     ; yes             ; Megafunction                 ; c:/altera/13.1/quartus/libraries/megafunctions/lpm_mult.tdf          ;         ;
; lpm_add_sub.inc                  ; yes             ; Megafunction                 ; c:/altera/13.1/quartus/libraries/megafunctions/lpm_add_sub.inc       ;         ;
; multcore.inc                     ; yes             ; Megafunction                 ; c:/altera/13.1/quartus/libraries/megafunctions/multcore.inc          ;         ;
; bypassff.inc                     ; yes             ; Megafunction                 ; c:/altera/13.1/quartus/libraries/megafunctions/bypassff.inc          ;         ;
; altshift.inc                     ; yes             ; Megafunction                 ; c:/altera/13.1/quartus/libraries/megafunctions/altshift.inc          ;         ;
; db/mult_aat.tdf                  ; yes             ; Auto-Generated Megafunction  ; C:/FPGA/db/mult_aat.tdf                                              ;         ;
; db/mult_6ft.tdf                  ; yes             ; Auto-Generated Megafunction  ; C:/FPGA/db/mult_6ft.tdf                                              ;         ;
; db/mult_fgt.tdf                  ; yes             ; Auto-Generated Megafunction  ; C:/FPGA/db/mult_fgt.tdf                                              ;         ;
; db/mult_bft.tdf                  ; yes             ; Auto-Generated Megafunction  ; C:/FPGA/db/mult_bft.tdf                                              ;         ;
; db/mult_dft.tdf                  ; yes             ; Auto-Generated Megafunction  ; C:/FPGA/db/mult_dft.tdf                                              ;         ;
+----------------------------------+-----------------+------------------------------+----------------------------------------------------------------------+---------+


+------------------------------------------------------------+
; Analysis & Synthesis Resource Usage Summary                ;
+---------------------------------------------+--------------+
; Resource                                    ; Usage        ;
+---------------------------------------------+--------------+
; Estimated Total logic elements              ; 455          ;
;                                             ;              ;
; Total combinational functions               ; 356          ;
; Logic element usage by number of LUT inputs ;              ;
;     -- 4 input functions                    ; 182          ;
;     -- 3 input functions                    ; 126          ;
;     -- <=2 input functions                  ; 48           ;
;                                             ;              ;
; Logic elements by mode                      ;              ;
;     -- normal mode                          ; 251          ;
;     -- arithmetic mode                      ; 105          ;
;                                             ;              ;
; Total registers                             ; 209          ;
;     -- Dedicated logic registers            ; 209          ;
;     -- I/O registers                        ; 0            ;
;                                             ;              ;
; I/O pins                                    ; 64           ;
; Total memory bits                           ; 1048576      ;
; Embedded Multiplier 9-bit elements          ; 21           ;
; Maximum fan-out node                        ; resetx~input ;
; Maximum fan-out                             ; 201          ;
; Total fan-out                               ; 4503         ;
; Average fan-out                             ; 5.21         ;
+---------------------------------------------+--------------+


+--------------------------------------------------------------------------------------------------------------------------------------------------------------------------------------------------------------------------------------------------------------------------------------------+
; Analysis & Synthesis Resource Utilization by Entity                                                                                                                                                                                                                                        ;
+-------------------------------------------+-------------------+--------------+-------------+--------------+---------+-----------+------+--------------+---------------------------------------------------------------------------------------------------------------------+--------------+
; Compilation Hierarchy Node                ; LC Combinationals ; LC Registers ; Memory Bits ; DSP Elements ; DSP 9x9 ; DSP 18x18 ; Pins ; Virtual Pins ; Full Hierarchy Name                                                                                                 ; Library Name ;
+-------------------------------------------+-------------------+--------------+-------------+--------------+---------+-----------+------+--------------+---------------------------------------------------------------------------------------------------------------------+--------------+
; |FPGA_Processing                          ; 356 (253)         ; 209 (201)    ; 1048576     ; 21           ; 7       ; 7         ; 64   ; 0            ; |FPGA_Processing                                                                                                    ; work         ;
;    |RAM:RAM_inst|                         ; 97 (0)            ; 8 (0)        ; 1048576     ; 0            ; 0       ; 0         ; 0    ; 0            ; |FPGA_Processing|RAM:RAM_inst                                                                                       ; work         ;
;       |altsyncram:altsyncram_component|   ; 97 (0)            ; 8 (0)        ; 1048576     ; 0            ; 0       ; 0         ; 0    ; 0            ; |FPGA_Processing|RAM:RAM_inst|altsyncram:altsyncram_component                                                       ; work         ;
;          |altsyncram_59g1:auto_generated| ; 97 (1)            ; 8 (8)        ; 1048576     ; 0            ; 0       ; 0         ; 0    ; 0            ; |FPGA_Processing|RAM:RAM_inst|altsyncram:altsyncram_component|altsyncram_59g1:auto_generated                        ; work         ;
;             |decode_rsa:decode3|          ; 8 (8)             ; 0 (0)        ; 0           ; 0            ; 0       ; 0         ; 0    ; 0            ; |FPGA_Processing|RAM:RAM_inst|altsyncram:altsyncram_component|altsyncram_59g1:auto_generated|decode_rsa:decode3     ; work         ;
;             |decode_rsa:rden_decode|      ; 8 (8)             ; 0 (0)        ; 0           ; 0            ; 0       ; 0         ; 0    ; 0            ; |FPGA_Processing|RAM:RAM_inst|altsyncram:altsyncram_component|altsyncram_59g1:auto_generated|decode_rsa:rden_decode ; work         ;
;             |mux_qob:mux2|                ; 80 (80)           ; 0 (0)        ; 0           ; 0            ; 0       ; 0         ; 0    ; 0            ; |FPGA_Processing|RAM:RAM_inst|altsyncram:altsyncram_component|altsyncram_59g1:auto_generated|mux_qob:mux2           ; work         ;
;    |lpm_mult:Mult0|                       ; 3 (0)             ; 0 (0)        ; 0           ; 3            ; 1       ; 1         ; 0    ; 0            ; |FPGA_Processing|lpm_mult:Mult0                                                                                     ; work         ;
;       |mult_6ft:auto_generated|           ; 3 (3)             ; 0 (0)        ; 0           ; 3            ; 1       ; 1         ; 0    ; 0            ; |FPGA_Processing|lpm_mult:Mult0|mult_6ft:auto_generated                                                             ; work         ;
;    |lpm_mult:Mult12|                      ; 0 (0)             ; 0 (0)        ; 0           ; 1            ; 1       ; 0         ; 0    ; 0            ; |FPGA_Processing|lpm_mult:Mult12                                                                                    ; work         ;
;       |mult_aat:auto_generated|           ; 0 (0)             ; 0 (0)        ; 0           ; 1            ; 1       ; 0         ; 0    ; 0            ; |FPGA_Processing|lpm_mult:Mult12|mult_aat:auto_generated                                                            ; work         ;
;    |lpm_mult:Mult13|                      ; 0 (0)             ; 0 (0)        ; 0           ; 1            ; 1       ; 0         ; 0    ; 0            ; |FPGA_Processing|lpm_mult:Mult13                                                                                    ; work         ;
;       |mult_aat:auto_generated|           ; 0 (0)             ; 0 (0)        ; 0           ; 1            ; 1       ; 0         ; 0    ; 0            ; |FPGA_Processing|lpm_mult:Mult13|mult_aat:auto_generated                                                            ; work         ;
;    |lpm_mult:Mult5|                       ; 3 (0)             ; 0 (0)        ; 0           ; 3            ; 1       ; 1         ; 0    ; 0            ; |FPGA_Processing|lpm_mult:Mult5                                                                                     ; work         ;
;       |mult_6ft:auto_generated|           ; 3 (3)             ; 0 (0)        ; 0           ; 3            ; 1       ; 1         ; 0    ; 0            ; |FPGA_Processing|lpm_mult:Mult5|mult_6ft:auto_generated                                                             ; work         ;
;    |lpm_mult:Mult6|                       ; 0 (0)             ; 0 (0)        ; 0           ; 3            ; 1       ; 1         ; 0    ; 0            ; |FPGA_Processing|lpm_mult:Mult6                                                                                     ; work         ;
;       |mult_6ft:auto_generated|           ; 0 (0)             ; 0 (0)        ; 0           ; 3            ; 1       ; 1         ; 0    ; 0            ; |FPGA_Processing|lpm_mult:Mult6|mult_6ft:auto_generated                                                             ; work         ;
;    |lpm_mult:Mult7|                       ; 0 (0)             ; 0 (0)        ; 0           ; 3            ; 1       ; 1         ; 0    ; 0            ; |FPGA_Processing|lpm_mult:Mult7                                                                                     ; work         ;
;       |mult_dft:auto_generated|           ; 0 (0)             ; 0 (0)        ; 0           ; 3            ; 1       ; 1         ; 0    ; 0            ; |FPGA_Processing|lpm_mult:Mult7|mult_dft:auto_generated                                                             ; work         ;
;    |lpm_mult:Mult8|                       ; 0 (0)             ; 0 (0)        ; 0           ; 3            ; 1       ; 1         ; 0    ; 0            ; |FPGA_Processing|lpm_mult:Mult8                                                                                     ; work         ;
;       |mult_bft:auto_generated|           ; 0 (0)             ; 0 (0)        ; 0           ; 3            ; 1       ; 1         ; 0    ; 0            ; |FPGA_Processing|lpm_mult:Mult8|mult_bft:auto_generated                                                             ; work         ;
;    |lpm_mult:Mult9|                       ; 0 (0)             ; 0 (0)        ; 0           ; 4            ; 0       ; 2         ; 0    ; 0            ; |FPGA_Processing|lpm_mult:Mult9                                                                                     ; work         ;
;       |mult_fgt:auto_generated|           ; 0 (0)             ; 0 (0)        ; 0           ; 4            ; 0       ; 2         ; 0    ; 0            ; |FPGA_Processing|lpm_mult:Mult9|mult_fgt:auto_generated                                                             ; work         ;
+-------------------------------------------+-------------------+--------------+-------------+--------------+---------+-----------+------+--------------+---------------------------------------------------------------------------------------------------------------------+--------------+
Note: For table entries with two numbers listed, the numbers in parentheses indicate the number of resources of the given type used by the specific entity alone. The numbers listed outside of parentheses indicate the total resources of the given type used by the specific entity and all of its sub-entities in the hierarchy.


+------------------------------------------------------------------------------------------------------------------------------------------------------------------------------------------+
; Analysis & Synthesis RAM Summary                                                                                                                                                         ;
+----------------------------------------------------------------------------------------+------+-------------+--------------+--------------+--------------+--------------+---------+------+
; Name                                                                                   ; Type ; Mode        ; Port A Depth ; Port A Width ; Port B Depth ; Port B Width ; Size    ; MIF  ;
+----------------------------------------------------------------------------------------+------+-------------+--------------+--------------+--------------+--------------+---------+------+
; RAM:RAM_inst|altsyncram:altsyncram_component|altsyncram_59g1:auto_generated|ALTSYNCRAM ; AUTO ; Single Port ; 65536        ; 16           ; --           ; --           ; 1048576 ; None ;
+----------------------------------------------------------------------------------------+------+-------------+--------------+--------------+--------------+--------------+---------+------+


+-----------------------------------------------------+
; Analysis & Synthesis DSP Block Usage Summary        ;
+---------------------------------------+-------------+
; Statistic                             ; Number Used ;
+---------------------------------------+-------------+
; Simple Multipliers (9-bit)            ; 7           ;
; Simple Multipliers (18-bit)           ; 7           ;
; Embedded Multiplier Blocks            ; --          ;
; Embedded Multiplier 9-bit elements    ; 21          ;
; Signed Embedded Multipliers           ; 0           ;
; Unsigned Embedded Multipliers         ; 14          ;
; Mixed Sign Embedded Multipliers       ; 0           ;
; Variable Sign Embedded Multipliers    ; 0           ;
; Dedicated Input Shift Register Chains ; 0           ;
+---------------------------------------+-------------+
Note: number of Embedded Multiplier Blocks used is only available after a successful fit.


+-----------------------------------------------------------------------------------------------------------------+
; Analysis & Synthesis IP Cores Summary                                                                           ;
+--------+--------------+---------+--------------+--------------+-------------------------------+-----------------+
; Vendor ; IP Core Name ; Version ; Release Date ; License Type ; Entity Instance               ; IP Include File ;
+--------+--------------+---------+--------------+--------------+-------------------------------+-----------------+
; Altera ; RAM: 1-PORT  ; 13.1    ; N/A          ; N/A          ; |FPGA_Processing|RAM:RAM_inst ; C:/FPGA/RAM.v   ;
+--------+--------------+---------+--------------+--------------+-------------------------------+-----------------+


+---------------------------------------------------------------------------------+
; Registers Removed During Synthesis                                              ;
+----------------------------------------+----------------------------------------+
; Register name                          ; Reason for Removal                     ;
+----------------------------------------+----------------------------------------+
; const5[0,1]                            ; Stuck at GND due to stuck port data_in ;
; const5[2]                              ; Stuck at VCC due to stuck port data_in ;
; const5[3..8]                           ; Stuck at GND due to stuck port data_in ;
; const5[9]                              ; Stuck at VCC due to stuck port data_in ;
; const4[0,1]                            ; Stuck at GND due to stuck port data_in ;
; const4[2]                              ; Stuck at VCC due to stuck port data_in ;
; const4[3,4]                            ; Stuck at GND due to stuck port data_in ;
; const4[5,6]                            ; Stuck at VCC due to stuck port data_in ;
; const4[7..9]                           ; Stuck at GND due to stuck port data_in ;
; const3[0..3]                           ; Stuck at GND due to stuck port data_in ;
; const3[4]                              ; Stuck at VCC due to stuck port data_in ;
; const3[5]                              ; Stuck at GND due to stuck port data_in ;
; const3[6,7]                            ; Stuck at VCC due to stuck port data_in ;
; const3[8,9]                            ; Stuck at GND due to stuck port data_in ;
; const2[0..2]                           ; Stuck at GND due to stuck port data_in ;
; const2[3,4]                            ; Stuck at VCC due to stuck port data_in ;
; const2[5,6]                            ; Stuck at GND due to stuck port data_in ;
; const2[7,8]                            ; Stuck at VCC due to stuck port data_in ;
; const2[9]                              ; Stuck at GND due to stuck port data_in ;
; const1[0]                              ; Stuck at GND due to stuck port data_in ;
; const1[1]                              ; Stuck at VCC due to stuck port data_in ;
; const1[2]                              ; Stuck at GND due to stuck port data_in ;
; const1[3]                              ; Stuck at VCC due to stuck port data_in ;
; const1[4]                              ; Stuck at GND due to stuck port data_in ;
; const1[5]                              ; Stuck at VCC due to stuck port data_in ;
; const1[6,7]                            ; Stuck at GND due to stuck port data_in ;
; const1[8]                              ; Stuck at VCC due to stuck port data_in ;
; const1[9]                              ; Stuck at GND due to stuck port data_in ;
; Cb_Data2[7]                            ; Merged with Cb_Data1[7]                ;
; Cb_Data2[6]                            ; Merged with Cb_Data1[6]                ;
; Cb_Data2[5]                            ; Merged with Cb_Data1[5]                ;
; Cb_Data2[4]                            ; Merged with Cb_Data1[4]                ;
; Cb_Data2[3]                            ; Merged with Cb_Data1[3]                ;
; Cb_Data2[2]                            ; Merged with Cb_Data1[2]                ;
; Cb_Data2[1]                            ; Merged with Cb_Data1[1]                ;
; Cb_Data2[0]                            ; Merged with Cb_Data1[0]                ;
; Cr_Data2[7]                            ; Merged with Cr_Data1[7]                ;
; Cr_Data2[6]                            ; Merged with Cr_Data1[6]                ;
; Cr_Data2[5]                            ; Merged with Cr_Data1[5]                ;
; Cr_Data2[4]                            ; Merged with Cr_Data1[4]                ;
; Cr_Data2[3]                            ; Merged with Cr_Data1[3]                ;
; Cr_Data2[2]                            ; Merged with Cr_Data1[2]                ;
; Cr_Data2[1]                            ; Merged with Cr_Data1[1]                ;
; Cr_Data2[0]                            ; Merged with Cr_Data1[0]                ;
; A_int[0..4]                            ; Stuck at GND due to stuck port data_in ;
; B1_int[0..5]                           ; Stuck at GND due to stuck port data_in ;
; B2_int[0..3]                           ; Stuck at GND due to stuck port data_in ;
; C_int[0..3]                            ; Stuck at GND due to stuck port data_in ;
; X_int[0..2]                            ; Stuck at GND due to stuck port data_in ;
; B1_int[6]                              ; Merged with A_int[5]                   ;
; C_int[6]                               ; Merged with B2_int[6]                  ;
; C_int[5]                               ; Merged with B2_int[5]                  ;
; C_int[4]                               ; Merged with B2_int[4]                  ;
; X_int[3]                               ; Lost fanout                            ;
; Total Number of Removed Registers = 93 ;                                        ;
+----------------------------------------+----------------------------------------+


+------------------------------------------------------------------------------------+
; Removed Registers Triggering Further Register Optimizations                        ;
+---------------+---------------------------+----------------------------------------+
; Register name ; Reason for Removal        ; Registers Removed due to This Register ;
+---------------+---------------------------+----------------------------------------+
; A_int[4]      ; Stuck at GND              ; X_int[3]                               ;
;               ; due to stuck port data_in ;                                        ;
+---------------+---------------------------+----------------------------------------+


+------------------------------------------------------+
; General Register Statistics                          ;
+----------------------------------------------+-------+
; Statistic                                    ; Value ;
+----------------------------------------------+-------+
; Total registers                              ; 209   ;
; Number of registers using Synchronous Clear  ; 15    ;
; Number of registers using Synchronous Load   ; 0     ;
; Number of registers using Asynchronous Clear ; 201   ;
; Number of registers using Asynchronous Load  ; 0     ;
; Number of registers using Clock Enable       ; 169   ;
; Number of registers using Preset             ; 0     ;
+----------------------------------------------+-------+


+--------------------------------------------------+
; Inverted Register Statistics                     ;
+----------------------------------------+---------+
; Inverted Register                      ; Fan out ;
+----------------------------------------+---------+
; vpo_wrxd3                              ; 5       ;
; vpo_wrxd1                              ; 6       ;
; cs[0]                                  ; 4       ;
; vpo_wrxd2                              ; 1       ;
; Total number of inverted registers = 4 ;         ;
+----------------------------------------+---------+


+------------------------------------------------------------------------------------------------------------------------------------------+
; Multiplexer Restructuring Statistics (Restructuring Performed)                                                                           ;
+--------------------+-----------+---------------+----------------------+------------------------+------------+----------------------------+
; Multiplexer Inputs ; Bus Width ; Baseline Area ; Area if Restructured ; Saving if Restructured ; Registered ; Example Multiplexer Output ;
+--------------------+-----------+---------------+----------------------+------------------------+------------+----------------------------+
; 3:1                ; 5 bits    ; 10 LEs        ; 10 LEs               ; 0 LEs                  ; Yes        ; |FPGA_Processing|vdata[0]  ;
; 3:1                ; 6 bits    ; 12 LEs        ; 12 LEs               ; 0 LEs                  ; Yes        ; |FPGA_Processing|vdata[7]  ;
; 3:1                ; 5 bits    ; 10 LEs        ; 10 LEs               ; 0 LEs                  ; Yes        ; |FPGA_Processing|vdata[11] ;
; 3:1                ; 18 bits   ; 36 LEs        ; 18 LEs               ; 18 LEs                 ; Yes        ; |FPGA_Processing|X_int[10] ;
; 3:1                ; 15 bits   ; 30 LEs        ; 15 LEs               ; 15 LEs                 ; Yes        ; |FPGA_Processing|vadr[1]   ;
; 9:1                ; 9 bits    ; 54 LEs        ; 36 LEs               ; 18 LEs                 ; Yes        ; |FPGA_Processing|G_int[18] ;
; 3:1                ; 2 bits    ; 4 LEs         ; 2 LEs                ; 2 LEs                  ; No         ; |FPGA_Processing|ns        ;
+--------------------+-----------+---------------+----------------------+------------------------+------------+----------------------------+


+----------------------------------------------------------------------------------------------------+
; Source assignments for RAM:RAM_inst|altsyncram:altsyncram_component|altsyncram_59g1:auto_generated ;
+---------------------------------+--------------------+------+--------------------------------------+
; Assignment                      ; Value              ; From ; To                                   ;
+---------------------------------+--------------------+------+--------------------------------------+
; OPTIMIZE_POWER_DURING_SYNTHESIS ; NORMAL_COMPILATION ; -    ; -                                    ;
+---------------------------------+--------------------+------+--------------------------------------+


+---------------------------------------------------------------------------------+
; Parameter Settings for User Entity Instance: Top-level Entity: |FPGA_Processing ;
+----------------+---------+------------------------------------------------------+
; Parameter Name ; Value   ; Type                                                 ;
+----------------+---------+------------------------------------------------------+
; s0             ; 0000001 ; Unsigned Binary                                      ;
; s1             ; 0000010 ; Unsigned Binary                                      ;
; s2             ; 0000100 ; Unsigned Binary                                      ;
; s3             ; 0001000 ; Unsigned Binary                                      ;
; s4             ; 0010000 ; Unsigned Binary                                      ;
; s5             ; 0100000 ; Unsigned Binary                                      ;
; s6             ; 1000000 ; Unsigned Binary                                      ;
+----------------+---------+------------------------------------------------------+
Note: In order to hide this table in the UI and the text report file, please set the "Show Parameter Settings in Synthesis Report" option in "Analysis and Synthesis Settings -> More Settings" to "Off".


+-------------------------------------------------------------------------------------------+
; Parameter Settings for User Entity Instance: RAM:RAM_inst|altsyncram:altsyncram_component ;
+------------------------------------+----------------------+-------------------------------+
; Parameter Name                     ; Value                ; Type                          ;
+------------------------------------+----------------------+-------------------------------+
; BYTE_SIZE_BLOCK                    ; 8                    ; Untyped                       ;
; AUTO_CARRY_CHAINS                  ; ON                   ; AUTO_CARRY                    ;
; IGNORE_CARRY_BUFFERS               ; OFF                  ; IGNORE_CARRY                  ;
; AUTO_CASCADE_CHAINS                ; ON                   ; AUTO_CASCADE                  ;
; IGNORE_CASCADE_BUFFERS             ; OFF                  ; IGNORE_CASCADE                ;
; WIDTH_BYTEENA                      ; 1                    ; Untyped                       ;
; OPERATION_MODE                     ; SINGLE_PORT          ; Untyped                       ;
; WIDTH_A                            ; 16                   ; Signed Integer                ;
; WIDTHAD_A                          ; 16                   ; Signed Integer                ;
; NUMWORDS_A                         ; 65536                ; Signed Integer                ;
; OUTDATA_REG_A                      ; CLOCK0               ; Untyped                       ;
; ADDRESS_ACLR_A                     ; NONE                 ; Untyped                       ;
; OUTDATA_ACLR_A                     ; NONE                 ; Untyped                       ;
; WRCONTROL_ACLR_A                   ; NONE                 ; Untyped                       ;
; INDATA_ACLR_A                      ; NONE                 ; Untyped                       ;
; BYTEENA_ACLR_A                     ; NONE                 ; Untyped                       ;
; WIDTH_B                            ; 1                    ; Untyped                       ;
; WIDTHAD_B                          ; 1                    ; Untyped                       ;
; NUMWORDS_B                         ; 1                    ; Untyped                       ;
; INDATA_REG_B                       ; CLOCK1               ; Untyped                       ;
; WRCONTROL_WRADDRESS_REG_B          ; CLOCK1               ; Untyped                       ;
; RDCONTROL_REG_B                    ; CLOCK1               ; Untyped                       ;
; ADDRESS_REG_B                      ; CLOCK1               ; Untyped                       ;
; OUTDATA_REG_B                      ; UNREGISTERED         ; Untyped                       ;
; BYTEENA_REG_B                      ; CLOCK1               ; Untyped                       ;
; INDATA_ACLR_B                      ; NONE                 ; Untyped                       ;
; WRCONTROL_ACLR_B                   ; NONE                 ; Untyped                       ;
; ADDRESS_ACLR_B                     ; NONE                 ; Untyped                       ;
; OUTDATA_ACLR_B                     ; NONE                 ; Untyped                       ;
; RDCONTROL_ACLR_B                   ; NONE                 ; Untyped                       ;
; BYTEENA_ACLR_B                     ; NONE                 ; Untyped                       ;
; WIDTH_BYTEENA_A                    ; 1                    ; Signed Integer                ;
; WIDTH_BYTEENA_B                    ; 1                    ; Untyped                       ;
; RAM_BLOCK_TYPE                     ; AUTO                 ; Untyped                       ;
; BYTE_SIZE                          ; 8                    ; Untyped                       ;
; READ_DURING_WRITE_MODE_MIXED_PORTS ; DONT_CARE            ; Untyped                       ;
; READ_DURING_WRITE_MODE_PORT_A      ; NEW_DATA_NO_NBE_READ ; Untyped                       ;
; READ_DURING_WRITE_MODE_PORT_B      ; NEW_DATA_NO_NBE_READ ; Untyped                       ;
; INIT_FILE                          ; UNUSED               ; Untyped                       ;
; INIT_FILE_LAYOUT                   ; PORT_A               ; Untyped                       ;
; MAXIMUM_DEPTH                      ; 0                    ; Untyped                       ;
; CLOCK_ENABLE_INPUT_A               ; BYPASS               ; Untyped                       ;
; CLOCK_ENABLE_INPUT_B               ; NORMAL               ; Untyped                       ;
; CLOCK_ENABLE_OUTPUT_A              ; BYPASS               ; Untyped                       ;
; CLOCK_ENABLE_OUTPUT_B              ; NORMAL               ; Untyped                       ;
; CLOCK_ENABLE_CORE_A                ; USE_INPUT_CLKEN      ; Untyped                       ;
; CLOCK_ENABLE_CORE_B                ; USE_INPUT_CLKEN      ; Untyped                       ;
; ENABLE_ECC                         ; FALSE                ; Untyped                       ;
; ECC_PIPELINE_STAGE_ENABLED         ; FALSE                ; Untyped                       ;
; WIDTH_ECCSTATUS                    ; 3                    ; Untyped                       ;
; DEVICE_FAMILY                      ; Cyclone IV E         ; Untyped                       ;
; CBXI_PARAMETER                     ; altsyncram_59g1      ; Untyped                       ;
+------------------------------------+----------------------+-------------------------------+
Note: In order to hide this table in the UI and the text report file, please set the "Show Parameter Settings in Synthesis Report" option in "Analysis and Synthesis Settings -> More Settings" to "Off".


+-------------------------------------------------------------------------------------+
; Parameter Settings for Inferred Entity Instance: lpm_mult:Mult13                    ;
+------------------------------------------------+--------------+---------------------+
; Parameter Name                                 ; Value        ; Type                ;
+------------------------------------------------+--------------+---------------------+
; AUTO_CARRY_CHAINS                              ; ON           ; AUTO_CARRY          ;
; IGNORE_CARRY_BUFFERS                           ; OFF          ; IGNORE_CARRY        ;
; AUTO_CASCADE_CHAINS                            ; ON           ; AUTO_CASCADE        ;
; IGNORE_CASCADE_BUFFERS                         ; OFF          ; IGNORE_CASCADE      ;
; LPM_WIDTHA                                     ; 8            ; Untyped             ;
; LPM_WIDTHB                                     ; 8            ; Untyped             ;
; LPM_WIDTHP                                     ; 16           ; Untyped             ;
; LPM_WIDTHR                                     ; 16           ; Untyped             ;
; LPM_WIDTHS                                     ; 1            ; Untyped             ;
; LPM_REPRESENTATION                             ; UNSIGNED     ; Untyped             ;
; LPM_PIPELINE                                   ; 0            ; Untyped             ;
; LATENCY                                        ; 0            ; Untyped             ;
; INPUT_A_IS_CONSTANT                            ; NO           ; Untyped             ;
; INPUT_B_IS_CONSTANT                            ; NO           ; Untyped             ;
; USE_EAB                                        ; OFF          ; Untyped             ;
; MAXIMIZE_SPEED                                 ; 5            ; Untyped             ;
; DEVICE_FAMILY                                  ; Cyclone IV E ; Untyped             ;
; CARRY_CHAIN                                    ; MANUAL       ; Untyped             ;
; APEX20K_TECHNOLOGY_MAPPER                      ; LUT          ; TECH_MAPPER_APEX20K ;
; DEDICATED_MULTIPLIER_CIRCUITRY                 ; AUTO         ; Untyped             ;
; DEDICATED_MULTIPLIER_MIN_INPUT_WIDTH_FOR_AUTO  ; 0            ; Untyped             ;
; DEDICATED_MULTIPLIER_MIN_OUTPUT_WIDTH_FOR_AUTO ; 0            ; Untyped             ;
; CBXI_PARAMETER                                 ; mult_aat     ; Untyped             ;
; INPUT_A_FIXED_VALUE                            ; Bx           ; Untyped             ;
; INPUT_B_FIXED_VALUE                            ; Bx           ; Untyped             ;
; USE_AHDL_IMPLEMENTATION                        ; OFF          ; Untyped             ;
+------------------------------------------------+--------------+---------------------+
Note: In order to hide this table in the UI and the text report file, please set the "Show Parameter Settings in Synthesis Report" option in "Analysis and Synthesis Settings -> More Settings" to "Off".


+-------------------------------------------------------------------------------------+
; Parameter Settings for Inferred Entity Instance: lpm_mult:Mult12                    ;
+------------------------------------------------+--------------+---------------------+
; Parameter Name                                 ; Value        ; Type                ;
+------------------------------------------------+--------------+---------------------+
; AUTO_CARRY_CHAINS                              ; ON           ; AUTO_CARRY          ;
; IGNORE_CARRY_BUFFERS                           ; OFF          ; IGNORE_CARRY        ;
; AUTO_CASCADE_CHAINS                            ; ON           ; AUTO_CASCADE        ;
; IGNORE_CASCADE_BUFFERS                         ; OFF          ; IGNORE_CASCADE      ;
; LPM_WIDTHA                                     ; 8            ; Untyped             ;
; LPM_WIDTHB                                     ; 8            ; Untyped             ;
; LPM_WIDTHP                                     ; 16           ; Untyped             ;
; LPM_WIDTHR                                     ; 16           ; Untyped             ;
; LPM_WIDTHS                                     ; 1            ; Untyped             ;
; LPM_REPRESENTATION                             ; UNSIGNED     ; Untyped             ;
; LPM_PIPELINE                                   ; 0            ; Untyped             ;
; LATENCY                                        ; 0            ; Untyped             ;
; INPUT_A_IS_CONSTANT                            ; NO           ; Untyped             ;
; INPUT_B_IS_CONSTANT                            ; NO           ; Untyped             ;
; USE_EAB                                        ; OFF          ; Untyped             ;
; MAXIMIZE_SPEED                                 ; 5            ; Untyped             ;
; DEVICE_FAMILY                                  ; Cyclone IV E ; Untyped             ;
; CARRY_CHAIN                                    ; MANUAL       ; Untyped             ;
; APEX20K_TECHNOLOGY_MAPPER                      ; LUT          ; TECH_MAPPER_APEX20K ;
; DEDICATED_MULTIPLIER_CIRCUITRY                 ; AUTO         ; Untyped             ;
; DEDICATED_MULTIPLIER_MIN_INPUT_WIDTH_FOR_AUTO  ; 0            ; Untyped             ;
; DEDICATED_MULTIPLIER_MIN_OUTPUT_WIDTH_FOR_AUTO ; 0            ; Untyped             ;
; CBXI_PARAMETER                                 ; mult_aat     ; Untyped             ;
; INPUT_A_FIXED_VALUE                            ; Bx           ; Untyped             ;
; INPUT_B_FIXED_VALUE                            ; Bx           ; Untyped             ;
; USE_AHDL_IMPLEMENTATION                        ; OFF          ; Untyped             ;
+------------------------------------------------+--------------+---------------------+
Note: In order to hide this table in the UI and the text report file, please set the "Show Parameter Settings in Synthesis Report" option in "Analysis and Synthesis Settings -> More Settings" to "Off".


+-------------------------------------------------------------------------------------+
; Parameter Settings for Inferred Entity Instance: lpm_mult:Mult5                     ;
+------------------------------------------------+--------------+---------------------+
; Parameter Name                                 ; Value        ; Type                ;
+------------------------------------------------+--------------+---------------------+
; AUTO_CARRY_CHAINS                              ; ON           ; AUTO_CARRY          ;
; IGNORE_CARRY_BUFFERS                           ; OFF          ; IGNORE_CARRY        ;
; AUTO_CASCADE_CHAINS                            ; ON           ; AUTO_CASCADE        ;
; IGNORE_CASCADE_BUFFERS                         ; OFF          ; IGNORE_CASCADE      ;
; LPM_WIDTHA                                     ; 9            ; Untyped             ;
; LPM_WIDTHB                                     ; 21           ; Untyped             ;
; LPM_WIDTHP                                     ; 30           ; Untyped             ;
; LPM_WIDTHR                                     ; 30           ; Untyped             ;
; LPM_WIDTHS                                     ; 1            ; Untyped             ;
; LPM_REPRESENTATION                             ; UNSIGNED     ; Untyped             ;
; LPM_PIPELINE                                   ; 0            ; Untyped             ;
; LATENCY                                        ; 0            ; Untyped             ;
; INPUT_A_IS_CONSTANT                            ; YES          ; Untyped             ;
; INPUT_B_IS_CONSTANT                            ; NO           ; Untyped             ;
; USE_EAB                                        ; OFF          ; Untyped             ;
; MAXIMIZE_SPEED                                 ; 5            ; Untyped             ;
; DEVICE_FAMILY                                  ; Cyclone IV E ; Untyped             ;
; CARRY_CHAIN                                    ; MANUAL       ; Untyped             ;
; APEX20K_TECHNOLOGY_MAPPER                      ; LUT          ; TECH_MAPPER_APEX20K ;
; DEDICATED_MULTIPLIER_CIRCUITRY                 ; AUTO         ; Untyped             ;
; DEDICATED_MULTIPLIER_MIN_INPUT_WIDTH_FOR_AUTO  ; 0            ; Untyped             ;
; DEDICATED_MULTIPLIER_MIN_OUTPUT_WIDTH_FOR_AUTO ; 0            ; Untyped             ;
; CBXI_PARAMETER                                 ; mult_6ft     ; Untyped             ;
; INPUT_A_FIXED_VALUE                            ; Bx           ; Untyped             ;
; INPUT_B_FIXED_VALUE                            ; Bx           ; Untyped             ;
; USE_AHDL_IMPLEMENTATION                        ; OFF          ; Untyped             ;
+------------------------------------------------+--------------+---------------------+
Note: In order to hide this table in the UI and the text report file, please set the "Show Parameter Settings in Synthesis Report" option in "Analysis and Synthesis Settings -> More Settings" to "Off".


+-------------------------------------------------------------------------------------+
; Parameter Settings for Inferred Entity Instance: lpm_mult:Mult0                     ;
+------------------------------------------------+--------------+---------------------+
; Parameter Name                                 ; Value        ; Type                ;
+------------------------------------------------+--------------+---------------------+
; AUTO_CARRY_CHAINS                              ; ON           ; AUTO_CARRY          ;
; IGNORE_CARRY_BUFFERS                           ; OFF          ; IGNORE_CARRY        ;
; AUTO_CASCADE_CHAINS                            ; ON           ; AUTO_CASCADE        ;
; IGNORE_CASCADE_BUFFERS                         ; OFF          ; IGNORE_CASCADE      ;
; LPM_WIDTHA                                     ; 9            ; Untyped             ;
; LPM_WIDTHB                                     ; 21           ; Untyped             ;
; LPM_WIDTHP                                     ; 30           ; Untyped             ;
; LPM_WIDTHR                                     ; 30           ; Untyped             ;
; LPM_WIDTHS                                     ; 1            ; Untyped             ;
; LPM_REPRESENTATION                             ; UNSIGNED     ; Untyped             ;
; LPM_PIPELINE                                   ; 0            ; Untyped             ;
; LATENCY                                        ; 0            ; Untyped             ;
; INPUT_A_IS_CONSTANT                            ; YES          ; Untyped             ;
; INPUT_B_IS_CONSTANT                            ; NO           ; Untyped             ;
; USE_EAB                                        ; OFF          ; Untyped             ;
; MAXIMIZE_SPEED                                 ; 5            ; Untyped             ;
; DEVICE_FAMILY                                  ; Cyclone IV E ; Untyped             ;
; CARRY_CHAIN                                    ; MANUAL       ; Untyped             ;
; APEX20K_TECHNOLOGY_MAPPER                      ; LUT          ; TECH_MAPPER_APEX20K ;
; DEDICATED_MULTIPLIER_CIRCUITRY                 ; AUTO         ; Untyped             ;
; DEDICATED_MULTIPLIER_MIN_INPUT_WIDTH_FOR_AUTO  ; 0            ; Untyped             ;
; DEDICATED_MULTIPLIER_MIN_OUTPUT_WIDTH_FOR_AUTO ; 0            ; Untyped             ;
; CBXI_PARAMETER                                 ; mult_6ft     ; Untyped             ;
; INPUT_A_FIXED_VALUE                            ; Bx           ; Untyped             ;
; INPUT_B_FIXED_VALUE                            ; Bx           ; Untyped             ;
; USE_AHDL_IMPLEMENTATION                        ; OFF          ; Untyped             ;
+------------------------------------------------+--------------+---------------------+
Note: In order to hide this table in the UI and the text report file, please set the "Show Parameter Settings in Synthesis Report" option in "Analysis and Synthesis Settings -> More Settings" to "Off".


+-------------------------------------------------------------------------------------+
; Parameter Settings for Inferred Entity Instance: lpm_mult:Mult9                     ;
+------------------------------------------------+--------------+---------------------+
; Parameter Name                                 ; Value        ; Type                ;
+------------------------------------------------+--------------+---------------------+
; AUTO_CARRY_CHAINS                              ; ON           ; AUTO_CARRY          ;
; IGNORE_CARRY_BUFFERS                           ; OFF          ; IGNORE_CARRY        ;
; AUTO_CASCADE_CHAINS                            ; ON           ; AUTO_CASCADE        ;
; IGNORE_CASCADE_BUFFERS                         ; OFF          ; IGNORE_CASCADE      ;
; LPM_WIDTHA                                     ; 10           ; Untyped             ;
; LPM_WIDTHB                                     ; 21           ; Untyped             ;
; LPM_WIDTHP                                     ; 31           ; Untyped             ;
; LPM_WIDTHR                                     ; 31           ; Untyped             ;
; LPM_WIDTHS                                     ; 1            ; Untyped             ;
; LPM_REPRESENTATION                             ; UNSIGNED     ; Untyped             ;
; LPM_PIPELINE                                   ; 0            ; Untyped             ;
; LATENCY                                        ; 0            ; Untyped             ;
; INPUT_A_IS_CONSTANT                            ; YES          ; Untyped             ;
; INPUT_B_IS_CONSTANT                            ; NO           ; Untyped             ;
; USE_EAB                                        ; OFF          ; Untyped             ;
; MAXIMIZE_SPEED                                 ; 5            ; Untyped             ;
; DEVICE_FAMILY                                  ; Cyclone IV E ; Untyped             ;
; CARRY_CHAIN                                    ; MANUAL       ; Untyped             ;
; APEX20K_TECHNOLOGY_MAPPER                      ; LUT          ; TECH_MAPPER_APEX20K ;
; DEDICATED_MULTIPLIER_CIRCUITRY                 ; AUTO         ; Untyped             ;
; DEDICATED_MULTIPLIER_MIN_INPUT_WIDTH_FOR_AUTO  ; 0            ; Untyped             ;
; DEDICATED_MULTIPLIER_MIN_OUTPUT_WIDTH_FOR_AUTO ; 0            ; Untyped             ;
; CBXI_PARAMETER                                 ; mult_fgt     ; Untyped             ;
; INPUT_A_FIXED_VALUE                            ; Bx           ; Untyped             ;
; INPUT_B_FIXED_VALUE                            ; Bx           ; Untyped             ;
; USE_AHDL_IMPLEMENTATION                        ; OFF          ; Untyped             ;
+------------------------------------------------+--------------+---------------------+
Note: In order to hide this table in the UI and the text report file, please set the "Show Parameter Settings in Synthesis Report" option in "Analysis and Synthesis Settings -> More Settings" to "Off".


+-------------------------------------------------------------------------------------+
; Parameter Settings for Inferred Entity Instance: lpm_mult:Mult8                     ;
+------------------------------------------------+--------------+---------------------+
; Parameter Name                                 ; Value        ; Type                ;
+------------------------------------------------+--------------+---------------------+
; AUTO_CARRY_CHAINS                              ; ON           ; AUTO_CARRY          ;
; IGNORE_CARRY_BUFFERS                           ; OFF          ; IGNORE_CARRY        ;
; AUTO_CASCADE_CHAINS                            ; ON           ; AUTO_CASCADE        ;
; IGNORE_CASCADE_BUFFERS                         ; OFF          ; IGNORE_CASCADE      ;
; LPM_WIDTHA                                     ; 7            ; Untyped             ;
; LPM_WIDTHB                                     ; 21           ; Untyped             ;
; LPM_WIDTHP                                     ; 28           ; Untyped             ;
; LPM_WIDTHR                                     ; 28           ; Untyped             ;
; LPM_WIDTHS                                     ; 1            ; Untyped             ;
; LPM_REPRESENTATION                             ; UNSIGNED     ; Untyped             ;
; LPM_PIPELINE                                   ; 0            ; Untyped             ;
; LATENCY                                        ; 0            ; Untyped             ;
; INPUT_A_IS_CONSTANT                            ; YES          ; Untyped             ;
; INPUT_B_IS_CONSTANT                            ; NO           ; Untyped             ;
; USE_EAB                                        ; OFF          ; Untyped             ;
; MAXIMIZE_SPEED                                 ; 5            ; Untyped             ;
; DEVICE_FAMILY                                  ; Cyclone IV E ; Untyped             ;
; CARRY_CHAIN                                    ; MANUAL       ; Untyped             ;
; APEX20K_TECHNOLOGY_MAPPER                      ; LUT          ; TECH_MAPPER_APEX20K ;
; DEDICATED_MULTIPLIER_CIRCUITRY                 ; AUTO         ; Untyped             ;
; DEDICATED_MULTIPLIER_MIN_INPUT_WIDTH_FOR_AUTO  ; 0            ; Untyped             ;
; DEDICATED_MULTIPLIER_MIN_OUTPUT_WIDTH_FOR_AUTO ; 0            ; Untyped             ;
; CBXI_PARAMETER                                 ; mult_bft     ; Untyped             ;
; INPUT_A_FIXED_VALUE                            ; Bx           ; Untyped             ;
; INPUT_B_FIXED_VALUE                            ; Bx           ; Untyped             ;
; USE_AHDL_IMPLEMENTATION                        ; OFF          ; Untyped             ;
+------------------------------------------------+--------------+---------------------+
Note: In order to hide this table in the UI and the text report file, please set the "Show Parameter Settings in Synthesis Report" option in "Analysis and Synthesis Settings -> More Settings" to "Off".


+-------------------------------------------------------------------------------------+
; Parameter Settings for Inferred Entity Instance: lpm_mult:Mult6                     ;
+------------------------------------------------+--------------+---------------------+
; Parameter Name                                 ; Value        ; Type                ;
+------------------------------------------------+--------------+---------------------+
; AUTO_CARRY_CHAINS                              ; ON           ; AUTO_CARRY          ;
; IGNORE_CARRY_BUFFERS                           ; OFF          ; IGNORE_CARRY        ;
; AUTO_CASCADE_CHAINS                            ; ON           ; AUTO_CASCADE        ;
; IGNORE_CASCADE_BUFFERS                         ; OFF          ; IGNORE_CASCADE      ;
; LPM_WIDTHA                                     ; 9            ; Untyped             ;
; LPM_WIDTHB                                     ; 21           ; Untyped             ;
; LPM_WIDTHP                                     ; 30           ; Untyped             ;
; LPM_WIDTHR                                     ; 30           ; Untyped             ;
; LPM_WIDTHS                                     ; 1            ; Untyped             ;
; LPM_REPRESENTATION                             ; UNSIGNED     ; Untyped             ;
; LPM_PIPELINE                                   ; 0            ; Untyped             ;
; LATENCY                                        ; 0            ; Untyped             ;
; INPUT_A_IS_CONSTANT                            ; YES          ; Untyped             ;
; INPUT_B_IS_CONSTANT                            ; NO           ; Untyped             ;
; USE_EAB                                        ; OFF          ; Untyped             ;
; MAXIMIZE_SPEED                                 ; 5            ; Untyped             ;
; DEVICE_FAMILY                                  ; Cyclone IV E ; Untyped             ;
; CARRY_CHAIN                                    ; MANUAL       ; Untyped             ;
; APEX20K_TECHNOLOGY_MAPPER                      ; LUT          ; TECH_MAPPER_APEX20K ;
; DEDICATED_MULTIPLIER_CIRCUITRY                 ; AUTO         ; Untyped             ;
; DEDICATED_MULTIPLIER_MIN_INPUT_WIDTH_FOR_AUTO  ; 0            ; Untyped             ;
; DEDICATED_MULTIPLIER_MIN_OUTPUT_WIDTH_FOR_AUTO ; 0            ; Untyped             ;
; CBXI_PARAMETER                                 ; mult_6ft     ; Untyped             ;
; INPUT_A_FIXED_VALUE                            ; Bx           ; Untyped             ;
; INPUT_B_FIXED_VALUE                            ; Bx           ; Untyped             ;
; USE_AHDL_IMPLEMENTATION                        ; OFF          ; Untyped             ;
+------------------------------------------------+--------------+---------------------+
Note: In order to hide this table in the UI and the text report file, please set the "Show Parameter Settings in Synthesis Report" option in "Analysis and Synthesis Settings -> More Settings" to "Off".


+-------------------------------------------------------------------------------------+
; Parameter Settings for Inferred Entity Instance: lpm_mult:Mult7                     ;
+------------------------------------------------+--------------+---------------------+
; Parameter Name                                 ; Value        ; Type                ;
+------------------------------------------------+--------------+---------------------+
; AUTO_CARRY_CHAINS                              ; ON           ; AUTO_CARRY          ;
; IGNORE_CARRY_BUFFERS                           ; OFF          ; IGNORE_CARRY        ;
; AUTO_CASCADE_CHAINS                            ; ON           ; AUTO_CASCADE        ;
; IGNORE_CASCADE_BUFFERS                         ; OFF          ; IGNORE_CASCADE      ;
; LPM_WIDTHA                                     ; 8            ; Untyped             ;
; LPM_WIDTHB                                     ; 21           ; Untyped             ;
; LPM_WIDTHP                                     ; 29           ; Untyped             ;
; LPM_WIDTHR                                     ; 29           ; Untyped             ;
; LPM_WIDTHS                                     ; 1            ; Untyped             ;
; LPM_REPRESENTATION                             ; UNSIGNED     ; Untyped             ;
; LPM_PIPELINE                                   ; 0            ; Untyped             ;
; LATENCY                                        ; 0            ; Untyped             ;
; INPUT_A_IS_CONSTANT                            ; YES          ; Untyped             ;
; INPUT_B_IS_CONSTANT                            ; NO           ; Untyped             ;
; USE_EAB                                        ; OFF          ; Untyped             ;
; MAXIMIZE_SPEED                                 ; 5            ; Untyped             ;
; DEVICE_FAMILY                                  ; Cyclone IV E ; Untyped             ;
; CARRY_CHAIN                                    ; MANUAL       ; Untyped             ;
; APEX20K_TECHNOLOGY_MAPPER                      ; LUT          ; TECH_MAPPER_APEX20K ;
; DEDICATED_MULTIPLIER_CIRCUITRY                 ; AUTO         ; Untyped             ;
; DEDICATED_MULTIPLIER_MIN_INPUT_WIDTH_FOR_AUTO  ; 0            ; Untyped             ;
; DEDICATED_MULTIPLIER_MIN_OUTPUT_WIDTH_FOR_AUTO ; 0            ; Untyped             ;
; CBXI_PARAMETER                                 ; mult_dft     ; Untyped             ;
; INPUT_A_FIXED_VALUE                            ; Bx           ; Untyped             ;
; INPUT_B_FIXED_VALUE                            ; Bx           ; Untyped             ;
; USE_AHDL_IMPLEMENTATION                        ; OFF          ; Untyped             ;
+------------------------------------------------+--------------+---------------------+
Note: In order to hide this table in the UI and the text report file, please set the "Show Parameter Settings in Synthesis Report" option in "Analysis and Synthesis Settings -> More Settings" to "Off".


+------------------------------------------------------------------------------------------+
; altsyncram Parameter Settings by Entity Instance                                         ;
+-------------------------------------------+----------------------------------------------+
; Name                                      ; Value                                        ;
+-------------------------------------------+----------------------------------------------+
; Number of entity instances                ; 1                                            ;
; Entity Instance                           ; RAM:RAM_inst|altsyncram:altsyncram_component ;
;     -- OPERATION_MODE                     ; SINGLE_PORT                                  ;
;     -- WIDTH_A                            ; 16                                           ;
;     -- NUMWORDS_A                         ; 65536                                        ;
;     -- OUTDATA_REG_A                      ; CLOCK0                                       ;
;     -- WIDTH_B                            ; 1                                            ;
;     -- NUMWORDS_B                         ; 1                                            ;
;     -- ADDRESS_REG_B                      ; CLOCK1                                       ;
;     -- OUTDATA_REG_B                      ; UNREGISTERED                                 ;
;     -- RAM_BLOCK_TYPE                     ; AUTO                                         ;
;     -- READ_DURING_WRITE_MODE_MIXED_PORTS ; DONT_CARE                                    ;
+-------------------------------------------+----------------------------------------------+


+---------------------------------------------------------+
; lpm_mult Parameter Settings by Entity Instance          ;
+---------------------------------------+-----------------+
; Name                                  ; Value           ;
+---------------------------------------+-----------------+
; Number of entity instances            ; 8               ;
; Entity Instance                       ; lpm_mult:Mult13 ;
;     -- LPM_WIDTHA                     ; 8               ;
;     -- LPM_WIDTHB                     ; 8               ;
;     -- LPM_WIDTHP                     ; 16              ;
;     -- LPM_REPRESENTATION             ; UNSIGNED        ;
;     -- INPUT_A_IS_CONSTANT            ; NO              ;
;     -- INPUT_B_IS_CONSTANT            ; NO              ;
;     -- USE_EAB                        ; OFF             ;
;     -- DEDICATED_MULTIPLIER_CIRCUITRY ; AUTO            ;
;     -- INPUT_A_FIXED_VALUE            ; Bx              ;
;     -- INPUT_B_FIXED_VALUE            ; Bx              ;
; Entity Instance                       ; lpm_mult:Mult12 ;
;     -- LPM_WIDTHA                     ; 8               ;
;     -- LPM_WIDTHB                     ; 8               ;
;     -- LPM_WIDTHP                     ; 16              ;
;     -- LPM_REPRESENTATION             ; UNSIGNED        ;
;     -- INPUT_A_IS_CONSTANT            ; NO              ;
;     -- INPUT_B_IS_CONSTANT            ; NO              ;
;     -- USE_EAB                        ; OFF             ;
;     -- DEDICATED_MULTIPLIER_CIRCUITRY ; AUTO            ;
;     -- INPUT_A_FIXED_VALUE            ; Bx              ;
;     -- INPUT_B_FIXED_VALUE            ; Bx              ;
; Entity Instance                       ; lpm_mult:Mult5  ;
;     -- LPM_WIDTHA                     ; 9               ;
;     -- LPM_WIDTHB                     ; 21              ;
;     -- LPM_WIDTHP                     ; 30              ;
;     -- LPM_REPRESENTATION             ; UNSIGNED        ;
;     -- INPUT_A_IS_CONSTANT            ; YES             ;
;     -- INPUT_B_IS_CONSTANT            ; NO              ;
;     -- USE_EAB                        ; OFF             ;
;     -- DEDICATED_MULTIPLIER_CIRCUITRY ; AUTO            ;
;     -- INPUT_A_FIXED_VALUE            ; Bx              ;
;     -- INPUT_B_FIXED_VALUE            ; Bx              ;
; Entity Instance                       ; lpm_mult:Mult0  ;
;     -- LPM_WIDTHA                     ; 9               ;
;     -- LPM_WIDTHB                     ; 21              ;
;     -- LPM_WIDTHP                     ; 30              ;
;     -- LPM_REPRESENTATION             ; UNSIGNED        ;
;     -- INPUT_A_IS_CONSTANT            ; YES             ;
;     -- INPUT_B_IS_CONSTANT            ; NO              ;
;     -- USE_EAB                        ; OFF             ;
;     -- DEDICATED_MULTIPLIER_CIRCUITRY ; AUTO            ;
;     -- INPUT_A_FIXED_VALUE            ; Bx              ;
;     -- INPUT_B_FIXED_VALUE            ; Bx              ;
; Entity Instance                       ; lpm_mult:Mult9  ;
;     -- LPM_WIDTHA                     ; 10              ;
;     -- LPM_WIDTHB                     ; 21              ;
;     -- LPM_WIDTHP                     ; 31              ;
;     -- LPM_REPRESENTATION             ; UNSIGNED        ;
;     -- INPUT_A_IS_CONSTANT            ; YES             ;
;     -- INPUT_B_IS_CONSTANT            ; NO              ;
;     -- USE_EAB                        ; OFF             ;
;     -- DEDICATED_MULTIPLIER_CIRCUITRY ; AUTO            ;
;     -- INPUT_A_FIXED_VALUE            ; Bx              ;
;     -- INPUT_B_FIXED_VALUE            ; Bx              ;
; Entity Instance                       ; lpm_mult:Mult8  ;
;     -- LPM_WIDTHA                     ; 7               ;
;     -- LPM_WIDTHB                     ; 21              ;
;     -- LPM_WIDTHP                     ; 28              ;
;     -- LPM_REPRESENTATION             ; UNSIGNED        ;
;     -- INPUT_A_IS_CONSTANT            ; YES             ;
;     -- INPUT_B_IS_CONSTANT            ; NO              ;
;     -- USE_EAB                        ; OFF             ;
;     -- DEDICATED_MULTIPLIER_CIRCUITRY ; AUTO            ;
;     -- INPUT_A_FIXED_VALUE            ; Bx              ;
;     -- INPUT_B_FIXED_VALUE            ; Bx              ;
; Entity Instance                       ; lpm_mult:Mult6  ;
;     -- LPM_WIDTHA                     ; 9               ;
;     -- LPM_WIDTHB                     ; 21              ;
;     -- LPM_WIDTHP                     ; 30              ;
;     -- LPM_REPRESENTATION             ; UNSIGNED        ;
;     -- INPUT_A_IS_CONSTANT            ; YES             ;
;     -- INPUT_B_IS_CONSTANT            ; NO              ;
;     -- USE_EAB                        ; OFF             ;
;     -- DEDICATED_MULTIPLIER_CIRCUITRY ; AUTO            ;
;     -- INPUT_A_FIXED_VALUE            ; Bx              ;
;     -- INPUT_B_FIXED_VALUE            ; Bx              ;
; Entity Instance                       ; lpm_mult:Mult7  ;
;     -- LPM_WIDTHA                     ; 8               ;
;     -- LPM_WIDTHB                     ; 21              ;
;     -- LPM_WIDTHP                     ; 29              ;
;     -- LPM_REPRESENTATION             ; UNSIGNED        ;
;     -- INPUT_A_IS_CONSTANT            ; YES             ;
;     -- INPUT_B_IS_CONSTANT            ; NO              ;
;     -- USE_EAB                        ; OFF             ;
;     -- DEDICATED_MULTIPLIER_CIRCUITRY ; AUTO            ;
;     -- INPUT_A_FIXED_VALUE            ; Bx              ;
;     -- INPUT_B_FIXED_VALUE            ; Bx              ;
+---------------------------------------+-----------------+


+-------------------------------+
; Elapsed Time Per Partition    ;
+----------------+--------------+
; Partition Name ; Elapsed Time ;
+----------------+--------------+
; Top            ; 00:00:08     ;
+----------------+--------------+


+-------------------------------+
; Analysis & Synthesis Messages ;
+-------------------------------+
Info: *******************************************************************
Info: Running Quartus II 64-Bit Analysis & Synthesis
    Info: Version 13.1.0 Build 162 10/23/2013 SJ Web Edition
    Info: Processing started: Mon Aug 08 20:31:06 2016
Info: Command: quartus_map --read_settings_files=on --write_settings_files=off SoCRobot -c SoCRobot
Info (20030): Parallel compilation is enabled and will use 2 of the 2 processors detected
Info (12021): Found 1 design units, including 1 entities, in source file fpga_processing.v
    Info (12023): Found entity 1: FPGA_Processing
Info (12021): Found 1 design units, including 1 entities, in source file ram.v
    Info (12023): Found entity 1: RAM
Info (12127): Elaborating entity "FPGA_Processing" for the top level hierarchy
Warning (10230): Verilog HDL assignment warning at FPGA_Processing.v(145): truncated value with size 32 to match size of target (21)
Warning (10230): Verilog HDL assignment warning at FPGA_Processing.v(146): truncated value with size 32 to match size of target (21)
Warning (10230): Verilog HDL assignment warning at FPGA_Processing.v(147): truncated value with size 32 to match size of target (21)
Warning (10230): Verilog HDL assignment warning at FPGA_Processing.v(148): truncated value with size 32 to match size of target (21)
Warning (10230): Verilog HDL assignment warning at FPGA_Processing.v(149): truncated value with size 32 to match size of target (21)
Warning (10230): Verilog HDL assignment warning at FPGA_Processing.v(153): truncated value with size 32 to match size of target (21)
Warning (10230): Verilog HDL assignment warning at FPGA_Processing.v(154): truncated value with size 32 to match size of target (21)
Warning (10230): Verilog HDL assignment warning at FPGA_Processing.v(155): truncated value with size 32 to match size of target (21)
Warning (10230): Verilog HDL assignment warning at FPGA_Processing.v(156): truncated value with size 32 to match size of target (21)
Warning (10230): Verilog HDL assignment warning at FPGA_Processing.v(157): truncated value with size 32 to match size of target (21)
Warning (10240): Verilog HDL Always Construct warning at FPGA_Processing.v(308): inferring latch(es) for variable "vadr", which holds its previous value in one or more paths through the always construct
Warning (10235): Verilog HDL Always Construct warning at FPGA_Processing.v(381): variable "vdd" is read inside the Always Construct but isn't in the Always Construct's Event Control
Warning (10766): Verilog HDL Synthesis Attribute warning at FPGA_Processing.v(381): ignoring full_case attribute on case statement with explicit default case item
Warning (10230): Verilog HDL assignment warning at FPGA_Processing.v(424): truncated value with size 18 to match size of target (16)
Info (12128): Elaborating entity "RAM" for hierarchy "RAM:RAM_inst"
Info (12128): Elaborating entity "altsyncram" for hierarchy "RAM:RAM_inst|altsyncram:altsyncram_component"
Info (12130): Elaborated megafunction instantiation "RAM:RAM_inst|altsyncram:altsyncram_component"
Info (12133): Instantiated megafunction "RAM:RAM_inst|altsyncram:altsyncram_component" with the following parameter:
    Info (12134): Parameter "clock_enable_input_a" = "BYPASS"
    Info (12134): Parameter "clock_enable_output_a" = "BYPASS"
    Info (12134): Parameter "intended_device_family" = "Cyclone IV E"
    Info (12134): Parameter "lpm_hint" = "ENABLE_RUNTIME_MOD=NO"
    Info (12134): Parameter "lpm_type" = "altsyncram"
    Info (12134): Parameter "numwords_a" = "65536"
    Info (12134): Parameter "operation_mode" = "SINGLE_PORT"
    Info (12134): Parameter "outdata_aclr_a" = "NONE"
    Info (12134): Parameter "outdata_reg_a" = "CLOCK0"
    Info (12134): Parameter "power_up_uninitialized" = "FALSE"
    Info (12134): Parameter "read_during_write_mode_port_a" = "NEW_DATA_NO_NBE_READ"
    Info (12134): Parameter "widthad_a" = "16"
    Info (12134): Parameter "width_a" = "16"
    Info (12134): Parameter "width_byteena_a" = "1"
Info (12021): Found 1 design units, including 1 entities, in source file db/altsyncram_59g1.tdf
    Info (12023): Found entity 1: altsyncram_59g1
Info (12128): Elaborating entity "altsyncram_59g1" for hierarchy "RAM:RAM_inst|altsyncram:altsyncram_component|altsyncram_59g1:auto_generated"
Info (12021): Found 1 design units, including 1 entities, in source file db/decode_rsa.tdf
    Info (12023): Found entity 1: decode_rsa
Info (12128): Elaborating entity "decode_rsa" for hierarchy "RAM:RAM_inst|altsyncram:altsyncram_component|altsyncram_59g1:auto_generated|decode_rsa:decode3"
Info (12021): Found 1 design units, including 1 entities, in source file db/mux_qob.tdf
    Info (12023): Found entity 1: mux_qob
Info (12128): Elaborating entity "mux_qob" for hierarchy "RAM:RAM_inst|altsyncram:altsyncram_component|altsyncram_59g1:auto_generated|mux_qob:mux2"
Warning (13046): Tri-state node(s) do not directly drive top-level pin(s)
    Warning (13049): Converted tri-state buffer "vmem_data[8]" feeding internal logic into a wire
    Warning (13049): Converted tri-state buffer "vmem_data[7]" feeding internal logic into a wire
    Warning (13049): Converted tri-state buffer "vmem_data[6]" feeding internal logic into a wire
    Warning (13049): Converted tri-state buffer "vmem_data[15]" feeding internal logic into a wire
    Warning (13049): Converted tri-state buffer "vmem_data[14]" feeding internal logic into a wire
    Warning (13049): Converted tri-state buffer "vmem_data[13]" feeding internal logic into a wire
    Warning (13049): Converted tri-state buffer "vmem_data[12]" feeding internal logic into a wire
    Warning (13049): Converted tri-state buffer "vmem_data[11]" feeding internal logic into a wire
    Warning (13049): Converted tri-state buffer "vmem_data[0]" feeding internal logic into a wire
    Warning (13049): Converted tri-state buffer "vmem_data[10]" feeding internal logic into a wire
    Warning (13049): Converted tri-state buffer "vmem_data[1]" feeding internal logic into a wire
    Warning (13049): Converted tri-state buffer "vmem_data[9]" feeding internal logic into a wire
    Warning (13049): Converted tri-state buffer "vmem_data[2]" feeding internal logic into a wire
    Warning (13049): Converted tri-state buffer "vmem_data[3]" feeding internal logic into a wire
    Warning (13049): Converted tri-state buffer "vmem_data[4]" feeding internal logic into a wire
    Warning (13049): Converted tri-state buffer "vmem_data[5]" feeding internal logic into a wire
Info (278001): Inferred 8 megafunctions from design logic
    Info (278003): Inferred multiplier megafunction ("lpm_mult") from the following logic: "Mult13"
    Info (278003): Inferred multiplier megafunction ("lpm_mult") from the following logic: "Mult12"
    Info (278003): Inferred multiplier megafunction ("lpm_mult") from the following logic: "Mult5"
    Info (278003): Inferred multiplier megafunction ("lpm_mult") from the following logic: "Mult0"
    Info (278003): Inferred multiplier megafunction ("lpm_mult") from the following logic: "Mult9"
    Info (278003): Inferred multiplier megafunction ("lpm_mult") from the following logic: "Mult8"
    Info (278003): Inferred multiplier megafunction ("lpm_mult") from the following logic: "Mult6"
    Info (278003): Inferred multiplier megafunction ("lpm_mult") from the following logic: "Mult7"
Info (12130): Elaborated megafunction instantiation "lpm_mult:Mult13"
Info (12133): Instantiated megafunction "lpm_mult:Mult13" with the following parameter:
    Info (12134): Parameter "LPM_WIDTHA" = "8"
    Info (12134): Parameter "LPM_WIDTHB" = "8"
    Info (12134): Parameter "LPM_WIDTHP" = "16"
    Info (12134): Parameter "LPM_WIDTHR" = "16"
    Info (12134): Parameter "LPM_WIDTHS" = "1"
    Info (12134): Parameter "LPM_REPRESENTATION" = "UNSIGNED"
    Info (12134): Parameter "INPUT_A_IS_CONSTANT" = "NO"
    Info (12134): Parameter "INPUT_B_IS_CONSTANT" = "NO"
    Info (12134): Parameter "MAXIMIZE_SPEED" = "5"
Info (12021): Found 1 design units, including 1 entities, in source file db/mult_aat.tdf
    Info (12023): Found entity 1: mult_aat
Info (12130): Elaborated megafunction instantiation "lpm_mult:Mult5"
Info (12133): Instantiated megafunction "lpm_mult:Mult5" with the following parameter:
    Info (12134): Parameter "LPM_WIDTHA" = "9"
    Info (12134): Parameter "LPM_WIDTHB" = "21"
    Info (12134): Parameter "LPM_WIDTHP" = "30"
    Info (12134): Parameter "LPM_WIDTHR" = "30"
    Info (12134): Parameter "LPM_WIDTHS" = "1"
    Info (12134): Parameter "LPM_REPRESENTATION" = "UNSIGNED"
    Info (12134): Parameter "INPUT_A_IS_CONSTANT" = "YES"
    Info (12134): Parameter "INPUT_B_IS_CONSTANT" = "NO"
    Info (12134): Parameter "MAXIMIZE_SPEED" = "5"
Info (12021): Found 1 design units, including 1 entities, in source file db/mult_6ft.tdf
    Info (12023): Found entity 1: mult_6ft
Info (12130): Elaborated megafunction instantiation "lpm_mult:Mult9"
Info (12133): Instantiated megafunction "lpm_mult:Mult9" with the following parameter:
    Info (12134): Parameter "LPM_WIDTHA" = "10"
    Info (12134): Parameter "LPM_WIDTHB" = "21"
    Info (12134): Parameter "LPM_WIDTHP" = "31"
    Info (12134): Parameter "LPM_WIDTHR" = "31"
    Info (12134): Parameter "LPM_WIDTHS" = "1"
    Info (12134): Parameter "LPM_REPRESENTATION" = "UNSIGNED"
    Info (12134): Parameter "INPUT_A_IS_CONSTANT" = "YES"
    Info (12134): Parameter "INPUT_B_IS_CONSTANT" = "NO"
    Info (12134): Parameter "MAXIMIZE_SPEED" = "5"
Info (12021): Found 1 design units, including 1 entities, in source file db/mult_fgt.tdf
    Info (12023): Found entity 1: mult_fgt
Info (12130): Elaborated megafunction instantiation "lpm_mult:Mult8"
Info (12133): Instantiated megafunction "lpm_mult:Mult8" with the following parameter:
    Info (12134): Parameter "LPM_WIDTHA" = "7"
    Info (12134): Parameter "LPM_WIDTHB" = "21"
    Info (12134): Parameter "LPM_WIDTHP" = "28"
    Info (12134): Parameter "LPM_WIDTHR" = "28"
    Info (12134): Parameter "LPM_WIDTHS" = "1"
    Info (12134): Parameter "LPM_REPRESENTATION" = "UNSIGNED"
    Info (12134): Parameter "INPUT_A_IS_CONSTANT" = "YES"
    Info (12134): Parameter "INPUT_B_IS_CONSTANT" = "NO"
    Info (12134): Parameter "MAXIMIZE_SPEED" = "5"
Info (12021): Found 1 design units, including 1 entities, in source file db/mult_bft.tdf
    Info (12023): Found entity 1: mult_bft
Info (12130): Elaborated megafunction instantiation "lpm_mult:Mult6"
Info (12133): Instantiated megafunction "lpm_mult:Mult6" with the following parameter:
    Info (12134): Parameter "LPM_WIDTHA" = "9"
    Info (12134): Parameter "LPM_WIDTHB" = "21"
    Info (12134): Parameter "LPM_WIDTHP" = "30"
    Info (12134): Parameter "LPM_WIDTHR" = "30"
    Info (12134): Parameter "LPM_WIDTHS" = "1"
    Info (12134): Parameter "LPM_REPRESENTATION" = "UNSIGNED"
    Info (12134): Parameter "INPUT_A_IS_CONSTANT" = "YES"
    Info (12134): Parameter "INPUT_B_IS_CONSTANT" = "NO"
    Info (12134): Parameter "MAXIMIZE_SPEED" = "5"
Info (12130): Elaborated megafunction instantiation "lpm_mult:Mult7"
Info (12133): Instantiated megafunction "lpm_mult:Mult7" with the following parameter:
    Info (12134): Parameter "LPM_WIDTHA" = "8"
    Info (12134): Parameter "LPM_WIDTHB" = "21"
    Info (12134): Parameter "LPM_WIDTHP" = "29"
    Info (12134): Parameter "LPM_WIDTHR" = "29"
    Info (12134): Parameter "LPM_WIDTHS" = "1"
    Info (12134): Parameter "LPM_REPRESENTATION" = "UNSIGNED"
    Info (12134): Parameter "INPUT_A_IS_CONSTANT" = "YES"
    Info (12134): Parameter "INPUT_B_IS_CONSTANT" = "NO"
    Info (12134): Parameter "MAXIMIZE_SPEED" = "5"
Info (12021): Found 1 design units, including 1 entities, in source file db/mult_dft.tdf
    Info (12023): Found entity 1: mult_dft
Info (13014): Ignored 42 buffer(s)
    Info (13019): Ignored 42 SOFT buffer(s)
Info (13000): Registers with preset signals will power-up high
Info (13003): DEV_CLRn pin will set, and not reset, register with preset signal due to NOT Gate Push-Back
Info (286030): Timing-Driven Synthesis is running
Info (17049): 1 registers lost all their fanouts during netlist optimizations.
Info (144001): Generated suppressed messages file C:/FPGA/SoCRobot.map.smsg
Info (16010): Generating hard_block partition "hard_block:auto_generated_inst"
    Info (16011): Adding 0 node(s), including 0 DDIO, 0 PLL, 0 transceiver and 0 LCELL
Warning (21074): Design contains 10 input pin(s) that do not drive logic
    Warning (15610): No output dependent on input pin "vpo[0]"
    Warning (15610): No output dependent on input pin "vpo[1]"
    Warning (15610): No output dependent on input pin "vpo[2]"
    Warning (15610): No output dependent on input pin "vpo[3]"
    Warning (15610): No output dependent on input pin "vpo[4]"
    Warning (15610): No output dependent on input pin "vpo[5]"
    Warning (15610): No output dependent on input pin "vpo[6]"
    Warning (15610): No output dependent on input pin "vpo[7]"
    Warning (15610): No output dependent on input pin "eamem_adr[16]"
    Warning (15610): No output dependent on input pin "eamem_adr[17]"
Info (21057): Implemented 673 device resources after synthesis - the final resource count might be different
    Info (21058): Implemented 44 input pins
    Info (21059): Implemented 4 output pins
    Info (21060): Implemented 16 bidirectional pins
    Info (21061): Implemented 460 logic cells
    Info (21064): Implemented 128 RAM segments
    Info (21062): Implemented 21 DSP elements
Info: Quartus II 64-Bit Analysis & Synthesis was successful. 0 errors, 42 warnings
    Info: Peak virtual memory: 521 megabytes
    Info: Processing ended: Mon Aug 08 20:31:24 2016
    Info: Elapsed time: 00:00:18
    Info: Total CPU time (on all processors): 00:00:13


+------------------------------------------+
; Analysis & Synthesis Suppressed Messages ;
+------------------------------------------+
The suppressed messages can be found in C:/FPGA/SoCRobot.map.smsg.


