EDA Netlist Writer report for SoCRobot
Tue Jun 21 13:48:04 2011
Quartus II Version 11.0 Build 157 04/27/2011 SJ Web Edition


---------------------
; Table of Contents ;
---------------------
  1. Legal Notice
  2. EDA Netlist Writer Summary
  3. Timing Analysis Settings
  4. EDA Netlist Writer Messages



----------------
; Legal Notice ;
----------------
Copyright (C) 1991-2011 Altera Corporation
Your use of Altera Corporation's design tools, logic functions 
and other software and tools, and its AMPP partner logic 
functions, and any output files from any of the foregoing 
(including device programming or simulation files), and any 
associated documentation or information are expressly subject 
to the terms and conditions of the Altera Program License 
Subscription Agreement, Altera MegaCore Function License 
Agreement, or other applicable license agreement, including, 
without limitation, that your use is for the sole purpose of 
programming logic devices manufactured by Altera and sold by 
Altera or its authorized distributors.  Please refer to the 
applicable agreement for further details.



+--------------------------------------------------------------------+
; EDA Netlist Writer Summary                                         ;
+--------------------------------+-----------------------------------+
; EDA Netlist Writer Status      ; Failed - Tue Jun 21 13:48:04 2011 ;
; Revision Name                  ; SoCRobot                          ;
; Top-level Entity Name          ; FPGA_Processing                   ;
; Family                         ; Cyclone IV E                      ;
; Timing Analysis Files Creation ; Failed                            ;
+--------------------------------+-----------------------------------+


+--------------------------+
; Timing Analysis Settings ;
+-----------+--------------+
; Option    ; Setting      ;
+-----------+--------------+
; Tool Name ;              ;
+-----------+--------------+


+-----------------------------+
; EDA Netlist Writer Messages ;
+-----------------------------+
Info: *******************************************************************
Info: Running Quartus II EDA Netlist Writer
    Info: Version 11.0 Build 157 04/27/2011 SJ Web Edition
    Info: Processing started: Tue Jun 21 13:47:48 2011
Info: Command: quartus_eda --read_settings_files=off --write_settings_files=off SoCRobot -c SoCRobot
Error: Quartus II software currently does not support the generation of timing analysis netlists for Cyclone IV E device family
Error: Quartus II EDA Netlist Writer was unsuccessful. 1 error, 0 warnings
    Error: Peak virtual memory: 203 megabytes
    Error: Processing ended: Tue Jun 21 13:48:05 2011
    Error: Elapsed time: 00:00:17
    Error: Total CPU time (on all processors): 00:00:05


