Flow report for SoCRobot
Mon Aug 08 20:33:29 2016
Quartus II 64-Bit Version 13.1.0 Build 162 10/23/2013 SJ Web Edition


---------------------
; Table of Contents ;
---------------------
  1. Legal Notice
  2. Flow Summary
  3. Flow Settings
  4. Flow Non-Default Global Settings
  5. Flow Elapsed Time
  6. Flow OS Summary
  7. Flow Log
  8. Flow Messages
  9. Flow Suppressed Messages



----------------
; Legal Notice ;
----------------
Copyright (C) 1991-2013 Altera Corporation
Your use of Altera Corporation's design tools, logic functions 
and other software and tools, and its AMPP partner logic 
functions, and any output files from any of the foregoing 
(including device programming or simulation files), and any 
associated documentation or information are expressly subject 
to the terms and conditions of the Altera Program License 
Subscription Agreement, Altera MegaCore Function License 
Agreement, or other applicable license agreement, including, 
without limitation, that your use is for the sole purpose of 
programming logic devices manufactured by Altera and sold by 
Altera or its authorized distributors.  Please refer to the 
applicable agreement for further details.



+---------------------------------------------------------------------------------+
; Flow Summary                                                                    ;
+------------------------------------+--------------------------------------------+
; Flow Status                        ; Successful - Mon Aug 08 20:33:12 2016      ;
; Quartus II 64-Bit Version          ; 13.1.0 Build 162 10/23/2013 SJ Web Edition ;
; Revision Name                      ; SoCRobot                                   ;
; Top-level Entity Name              ; FPGA_Processing                            ;
; Family                             ; Cyclone IV E                               ;
; Device                             ; EP4CE75U19I7                               ;
; Timing Models                      ; Final                                      ;
; Total logic elements               ; 443 / 75,408 ( < 1 % )                     ;
;     Total combinational functions  ; 356 / 75,408 ( < 1 % )                     ;
;     Dedicated logic registers      ; 209 / 75,408 ( < 1 % )                     ;
; Total registers                    ; 209                                        ;
; Total pins                         ; 64 / 293 ( 22 % )                          ;
; Total virtual pins                 ; 0                                          ;
; Total memory bits                  ; 1,048,576 / 2,810,880 ( 37 % )             ;
; Embedded Multiplier 9-bit elements ; 21 / 400 ( 5 % )                           ;
; Total PLLs                         ; 0 / 4 ( 0 % )                              ;
+------------------------------------+--------------------------------------------+


+-----------------------------------------+
; Flow Settings                           ;
+-------------------+---------------------+
; Option            ; Setting             ;
+-------------------+---------------------+
; Start date & time ; 08/08/2016 20:31:09 ;
; Main task         ; Compilation         ;
; Revision Name     ; SoCRobot            ;
+-------------------+---------------------+


+----------------------------------------------------------------------------------------------------------------------------+
; Flow Non-Default Global Settings                                                                                           ;
+-------------------------------------+------------------------------+---------------+-----------------+---------------------+
; Assignment Name                     ; Value                        ; Default Value ; Entity Name     ; Section Id          ;
+-------------------------------------+------------------------------+---------------+-----------------+---------------------+
; COMPILER_SIGNATURE_ID               ; 130238708626.147065586800492 ; --            ; --              ; --                  ;
; EDA_OUTPUT_DATA_FORMAT              ; None                         ; --            ; --              ; eda_timing_analysis ;
; EDA_TIME_SCALE                      ; 1 ps                         ; --            ; --              ; eda_timing_analysis ;
; IP_TOOL_NAME                        ; RAM: 1-PORT                  ; --            ; --              ; --                  ;
; IP_TOOL_VERSION                     ; 13.1                         ; --            ; --              ; --                  ;
; MAX_CORE_JUNCTION_TEMP              ; 100                          ; --            ; --              ; --                  ;
; MIN_CORE_JUNCTION_TEMP              ; -40                          ; --            ; --              ; --                  ;
; MISC_FILE                           ; RAM_bb.v                     ; --            ; --              ; --                  ;
; OUTPUT_IO_TIMING_FAR_END_VMEAS      ; Half Signal Swing            ; --            ; --              ; --                  ;
; OUTPUT_IO_TIMING_FAR_END_VMEAS      ; Half Signal Swing            ; --            ; --              ; --                  ;
; OUTPUT_IO_TIMING_NEAR_END_VMEAS     ; Half Vccio                   ; --            ; --              ; --                  ;
; OUTPUT_IO_TIMING_NEAR_END_VMEAS     ; Half Vccio                   ; --            ; --              ; --                  ;
; PARTITION_COLOR                     ; 16764057                     ; --            ; FPGA_Processing ; Top                 ;
; PARTITION_FITTER_PRESERVATION_LEVEL ; PLACEMENT_AND_ROUTING        ; --            ; FPGA_Processing ; Top                 ;
; PARTITION_NETLIST_TYPE              ; SOURCE                       ; --            ; FPGA_Processing ; Top                 ;
; TOP_LEVEL_ENTITY                    ; FPGA_Processing              ; SoCRobot      ; --              ; --                  ;
+-------------------------------------+------------------------------+---------------+-----------------+---------------------+


+-------------------------------------------------------------------------------------------------------------------------------+
; Flow Elapsed Time                                                                                                             ;
+---------------------------+--------------+-------------------------+---------------------+------------------------------------+
; Module Name               ; Elapsed Time ; Average Processors Used ; Peak Virtual Memory ; Total CPU Time (on all processors) ;
+---------------------------+--------------+-------------------------+---------------------+------------------------------------+
; Analysis & Synthesis      ; 00:00:15     ; 1.0                     ; 513 MB              ; 00:00:12                           ;
; Fitter                    ; 00:01:28     ; 1.4                     ; 1073 MB             ; 00:01:39                           ;
; Assembler                 ; 00:00:13     ; 1.0                     ; 479 MB              ; 00:00:13                           ;
; TimeQuest Timing Analyzer ; 00:00:14     ; 1.0                     ; 571 MB              ; 00:00:13                           ;
; Total                     ; 00:02:10     ; --                      ; --                  ; 00:02:17                           ;
+---------------------------+--------------+-------------------------+---------------------+------------------------------------+


+----------------------------------------------------------------------------------------+
; Flow OS Summary                                                                        ;
+---------------------------+------------------+-----------+------------+----------------+
; Module Name               ; Machine Hostname ; OS Name   ; OS Version ; Processor type ;
+---------------------------+------------------+-----------+------------+----------------+
; Analysis & Synthesis      ; Donghyun         ; Windows 7 ; 6.2        ; x86_64         ;
; Fitter                    ; Donghyun         ; Windows 7 ; 6.2        ; x86_64         ;
; Assembler                 ; Donghyun         ; Windows 7 ; 6.2        ; x86_64         ;
; TimeQuest Timing Analyzer ; Donghyun         ; Windows 7 ; 6.2        ; x86_64         ;
+---------------------------+------------------+-----------+------------+----------------+


------------
; Flow Log ;
------------
quartus_map --read_settings_files=on --write_settings_files=off SoCRobot -c SoCRobot
quartus_fit --read_settings_files=off --write_settings_files=off SoCRobot -c SoCRobot
quartus_asm --read_settings_files=off --write_settings_files=off SoCRobot -c SoCRobot
quartus_sta SoCRobot -c SoCRobot



